#-----------------------------------------------------------
# Vivado v2015.3 (64-bit)
# SW Build 1368829 on Mon Sep 28 20:06:43 MDT 2015
# IP Build 1367837 on Mon Sep 28 08:56:14 MDT 2015
# Start of session at: Tue May 29 10:05:09 2018
# Process ID: 3880
# Current directory: C:/Users/zhuduoyu/SingleCPU
# Command line: vivado.exe -gui_launcher_event rodinguilauncherevent6664 C:\Users\zhuduoyu\SingleCPU\SingleCPU.xpr
# Log file: C:/Users/zhuduoyu/SingleCPU/vivado.log
# Journal file: C:/Users/zhuduoyu/SingleCPU\vivado.jou
#-----------------------------------------------------------
start_gui
open_project C:/Users/zhuduoyu/SingleCPU/SingleCPU.xpr
Scanning sources...
Finished scanning sources
INFO: [IP_Flow 19-234] Refreshing IP repositories
INFO: [IP_Flow 19-1704] No user IP repositories specified
INFO: [IP_Flow 19-2313] Loaded Vivado IP repository 'C:/Xilinx/Vivado/2015.3/data/ip'.
open_project: Time (s): cpu = 00:00:10 ; elapsed = 00:00:08 . Memory (MB): peak = 642.820 ; gain = 99.977
efile mkdir C:/Users/zhuduoyu/SingleCPU/SingleCPU.srcs/sources_1/new
close [ open C:/Users/zhuduoyu/SingleCPU/SingleCPU.srcs/sources_1/new/test.v w ]
add_files C:/Users/zhuduoyu/SingleCPU/SingleCPU.srcs/sources_1/new/test.v
update_compile_order -fileset sources_1
remove_files C:/Users/zhuduoyu/SingleCPU/SingleCPU.srcs/sources_1/new/test.v
launch_simulation
INFO: [USF-XSim-27] Simulation object is 'sim_1'
INFO: [USF-XSim-37] Inspecting design source files for 'sim_cpu' in fileset 'sim_1'...
INFO: [USF-XSim-97] Finding global include files...
INFO: [USF-XSim-98] Fetching design files from 'sim_1'...
INFO: [USF-XSim-2] XSim::Compile design
INFO: [USF-XSim-61] Executing 'COMPILE' step in 'C:/Users/zhuduoyu/SingleCPU/SingleCPU.sim/sim_1/behav'
"xvlog -m64 --relax -prj sim_cpu_vlog.prj"
INFO: [VRFC 10-2263] Analyzing Verilog file "//Mac/Home/Desktop/SingleCPU/ALU32.v" into library xil_defaultlib
INFO: [VRFC 10-311] analyzing module ALU32
INFO: [VRFC 10-2263] Analyzing Verilog file "//Mac/Home/Desktop/SingleCPU/ChooseReg.v" into library xil_defaultlib
INFO: [VRFC 10-311] analyzing module ChooseReg
INFO: [VRFC 10-2263] Analyzing Verilog file "//Mac/Home/Desktop/SingleCPU/AddPC1.v" into library xil_defaultlib
INFO: [VRFC 10-311] analyzing module AddPC1
INFO: [VRFC 10-2263] Analyzing Verilog file "//Mac/Home/Desktop/SingleCPU/AddPC2.v" into library xil_defaultlib
INFO: [VRFC 10-311] analyzing module AddPC2
INFO: [VRFC 10-2263] Analyzing Verilog file "//Mac/Home/Desktop/SingleCPU/DBoutput.v" into library xil_defaultlib
INFO: [VRFC 10-311] analyzing module DBoutput
INFO: [VRFC 10-2263] Analyzing Verilog file "//Mac/Home/Desktop/SingleCPU/RAM.v" into library xil_defaultlib
INFO: [VRFC 10-311] analyzing module RAM
INFO: [VRFC 10-2263] Analyzing Verilog file "//Mac/Home/Desktop/SingleCPU/ChooseInputB.v" into library xil_defaultlib
INFO: [VRFC 10-311] analyzing module ChooseInputB
INFO: [VRFC 10-2263] Analyzing Verilog file "//Mac/Home/Desktop/SingleCPU/ChooseInputA.v" into library xil_defaultlib
INFO: [VRFC 10-311] analyzing module ChooseInputA
INFO: [VRFC 10-2263] Analyzing Verilog file "//Mac/Home/Desktop/SingleCPU/RW.v" into library xil_defaultlib
INFO: [VRFC 10-311] analyzing module RW
INFO: [VRFC 10-2263] Analyzing Verilog file "//Mac/Home/Desktop/SingleCPU/ControlUnit.v" into library xil_defaultlib
INFO: [VRFC 10-311] analyzing module ControlUnit
INFO: [VRFC 10-2263] Analyzing Verilog file "//Mac/Home/Desktop/SingleCPU/RegFile.v" into library xil_defaultlib
INFO: [VRFC 10-311] analyzing module RegFile
INFO: [VRFC 10-2263] Analyzing Verilog file "//Mac/Home/Desktop/SingleCPU/NextPC.v" into library xil_defaultlib
INFO: [VRFC 10-311] analyzing module NextPC
INFO: [VRFC 10-2263] Analyzing Verilog file "//Mac/Home/Desktop/SingleCPU/PC.v" into library xil_defaultlib
INFO: [VRFC 10-311] analyzing module PC
INFO: [VRFC 10-2263] Analyzing Verilog file "//Mac/Home/Desktop/SingleCPU/transTocut.v" into library xil_defaultlib
INFO: [VRFC 10-311] analyzing module transTocut
INFO: [VRFC 10-2263] Analyzing Verilog file "//Mac/Home/Desktop/SingleCPU/JumpPC.v" into library xil_defaultlib
INFO: [VRFC 10-311] analyzing module JumpPC
INFO: [VRFC 10-2263] Analyzing Verilog file "//Mac/Home/Desktop/SingleCPU/extend.v" into library xil_defaultlib
INFO: [VRFC 10-311] analyzing module extend
INFO: [VRFC 10-2263] Analyzing Verilog file "//Mac/Home/Desktop/SingleCPU/SingleCPU.v" into library xil_defaultlib
INFO: [VRFC 10-311] analyzing module SingleCPU
INFO: [VRFC 10-2263] Analyzing Verilog file "//Mac/Home/Desktop/SingleCPU/sim_cpu.v" into library xil_defaultlib
INFO: [VRFC 10-311] analyzing module sim_cpu
INFO: [VRFC 10-2263] Analyzing Verilog file "C:/Users/zhuduoyu/SingleCPU/SingleCPU.sim/sim_1/behav/glbl.v" into library xil_defaultlib
INFO: [VRFC 10-311] analyzing module glbl
INFO: [USF-XSim-3] XSim::Elaborate design
INFO: [USF-XSim-61] Executing 'ELABORATE' step in 'C:/Users/zhuduoyu/SingleCPU/SingleCPU.sim/sim_1/behav'
Vivado Simulator 2015.3
Copyright 1986-1999, 2001-2015 Xilinx, Inc. All Rights Reserved.
Running: C:/Xilinx/Vivado/2015.3/bin/unwrapped/win64.o/xelab.exe -wto 7befa10bde6c44fba6b1c8240e34c40a --debug typical --relax --mt 2 -L xil_defaultlib -L unisims_ver -L unimacro_ver -L secureip --snapshot sim_cpu_behav xil_defaultlib.sim_cpu xil_defaultlib.glbl -log elaborate.log 
Using 2 slave threads.
Starting static elaboration
WARNING: [VRFC 10-597] element index 7 into rs is out of bounds [//Mac/Home/Desktop/SingleCPU/transTocut.v:11]
WARNING: [VRFC 10-597] element index 7 into rt is out of bounds [//Mac/Home/Desktop/SingleCPU/transTocut.v:14]
Completed static elaboration
Starting simulation data flow analysis
Completed simulation data flow analysis
Time Resolution for simulation is 1ps
Compiling module xil_defaultlib.AddPC2
Compiling module xil_defaultlib.ALU32
Compiling module xil_defaultlib.ControlUnit
Compiling module xil_defaultlib.extend
Compiling module xil_defaultlib.JumpPC
Compiling module xil_defaultlib.ChooseInputA
Compiling module xil_defaultlib.ChooseInputB
Compiling module xil_defaultlib.NextPC
Compiling module xil_defaultlib.AddPC1
Compiling module xil_defaultlib.PC
Compiling module xil_defaultlib.RAM
Compiling module xil_defaultlib.ChooseReg
Compiling module xil_defaultlib.RegFile
Compiling module xil_defaultlib.DBoutput
Compiling module xil_defaultlib.RW
Compiling module xil_defaultlib.transTocut
Compiling module xil_defaultlib.SingleCPU
Compiling module xil_defaultlib.sim_cpu
Compiling module xil_defaultlib.glbl
Built simulation snapshot sim_cpu_behav

****** Webtalk v2015.3 (64-bit)
  **** SW Build 1368829 on Mon Sep 28 20:06:43 MDT 2015
  **** IP Build 1367837 on Mon Sep 28 08:56:14 MDT 2015
    ** Copyright 1986-2015 Xilinx, Inc. All Rights Reserved.

source C:/Users/zhuduoyu/SingleCPU/SingleCPU.sim/sim_1/behav/xsim.dir/sim_cpu_behav/webtalk/xsim_webtalk.tcl -notrace
webtalk_transmit: Time (s): cpu = 00:00:00 ; elapsed = 00:00:07 . Memory (MB): peak = 50.172 ; gain = 0.000
INFO: [Common 17-206] Exiting Webtalk at Tue May 29 10:09:03 2018...
run_program: Time (s): cpu = 00:00:00 ; elapsed = 00:00:12 . Memory (MB): peak = 719.102 ; gain = 0.000
INFO: [USF-XSim-4] XSim::Simulate design
INFO: [USF-XSim-61] Executing 'SIMULATE' step in 'C:/Users/zhuduoyu/SingleCPU/SingleCPU.sim/sim_1/behav'
INFO: [USF-XSim-98] *** Running xsim
   with args "sim_cpu_behav -key {Behavioral:sim_1:Functional:sim_cpu} -tclbatch {sim_cpu.tcl} -log {simulate.log}"
INFO: [USF-XSim-8] Loading simulator feature
Vivado Simulator 2015.3
Time resolution is 1 ps
source sim_cpu.tcl
# set curr_wave [current_wave_config]
# if { [string length $curr_wave] == 0 } {
#   if { [llength [get_objects]] > 0} {
#     add_wave /
#     set_property needs_save false [current_wave_config]
#   } else {
#      send_msg_id Add_Wave-1 WARNING "No top level signals found. Simulator will start without a wave window. If you want to open a wave window go to 'File->New Waveform Configuration' or type 'create_wave_config' in the TCL console."
#   }
# }
# run 1000ns
INFO: [USF-XSim-96] XSim completed. Design snapshot 'sim_cpu_behav' loaded.
INFO: [USF-XSim-97] XSim simulation ran for 1000ns
launch_simulation: Time (s): cpu = 00:00:03 ; elapsed = 00:00:20 . Memory (MB): peak = 719.102 ; gain = 0.000
remove_files //Mac/Home/Desktop/SingleCPU/SingleCPU.v
update_compile_order -fileset sources_1
update_compile_order -fileset sources_1
remove_files {//Mac/Home/Desktop/SingleCPU/ALU32.v //Mac/Home/Desktop/SingleCPU/AddPC1.v //Mac/Home/Desktop/SingleCPU/AddPC2.v //Mac/Home/Desktop/SingleCPU/ChooseInputA.v //Mac/Home/Desktop/SingleCPU/ChooseInputB.v //Mac/Home/Desktop/SingleCPU/ChooseReg.v //Mac/Home/Desktop/SingleCPU/ControlUnit.v //Mac/Home/Desktop/SingleCPU/DBoutput.v //Mac/Home/Desktop/SingleCPU/JumpPC.v //Mac/Home/Desktop/SingleCPU/NextPC.v //Mac/Home/Desktop/SingleCPU/PC.v //Mac/Home/Desktop/SingleCPU/RAM.v //Mac/Home/Desktop/SingleCPU/RegFile.v //Mac/Home/Desktop/SingleCPU/RW.v //Mac/Home/Desktop/SingleCPU/extend.v //Mac/Home/Desktop/SingleCPU/transTocut.v}
update_compile_order -fileset sources_1
remove_files -fileset sim_1 //Mac/Home/Desktop/SingleCPU/sim_cpu.v
update_compile_order -fileset sim_1
add_files -norecurse {C:/Users/zhuduoyu/SingleCPU/SingleCPU.srcs/sources_1/new/RW.v C:/Users/zhuduoyu/SingleCPU/SingleCPU.srcs/sources_1/new/extend.v C:/Users/zhuduoyu/SingleCPU/SingleCPU.srcs/sources_1/new/AddPC1.v C:/Users/zhuduoyu/SingleCPU/SingleCPU.srcs/sources_1/new/AddPC2.v C:/Users/zhuduoyu/SingleCPU/SingleCPU.srcs/sources_1/new/RAM.v C:/Users/zhuduoyu/SingleCPU/SingleCPU.srcs/sources_1/new/JumpPC.v C:/Users/zhuduoyu/SingleCPU/SingleCPU.srcs/sources_1/new/DBoutput.v C:/Users/zhuduoyu/SingleCPU/SingleCPU.srcs/sources_1/new/NextPC.v C:/Users/zhuduoyu/SingleCPU/SingleCPU.srcs/sources_1/new/ALU32.v C:/Users/zhuduoyu/SingleCPU/SingleCPU.srcs/sources_1/new/ChooseInputB.v C:/Users/zhuduoyu/SingleCPU/SingleCPU.srcs/sources_1/new/ControlUnit.v C:/Users/zhuduoyu/SingleCPU/SingleCPU.srcs/sources_1/new/ChooseReg.v C:/Users/zhuduoyu/SingleCPU/SingleCPU.srcs/sources_1/new/PC.v C:/Users/zhuduoyu/SingleCPU/SingleCPU.srcs/sources_1/new/RegFile.v C:/Users/zhuduoyu/SingleCPU/SingleCPU.srcs/sources_1/new/transTocut.v C:/Users/zhuduoyu/SingleCPU/SingleCPU.srcs/sources_1/new/SingleCPU.v C:/Users/zhuduoyu/SingleCPU/SingleCPU.srcs/sources_1/new/ChooseInputA.v}
update_compile_order -fileset sources_1
update_compile_order -fileset sources_1
update_compile_order -fileset sim_1
set_property SOURCE_SET sources_1 [get_filesets sim_1]
add_files -fileset sim_1 -norecurse C:/Users/zhuduoyu/SingleCPU/SingleCPU.srcs/sources_1/new/sim_cpu.v
update_compile_order -fileset sim_1
update_compile_order -fileset sim_1
update_compile_order -fileset sim_1
close_sim
INFO: [Simtcl 6-16] Simulation closed
launch_simulation
INFO: [USF-XSim-27] Simulation object is 'sim_1'
INFO: [USF-XSim-37] Inspecting design source files for 'sim_cpu' in fileset 'sim_1'...
INFO: [USF-XSim-97] Finding global include files...
INFO: [USF-XSim-98] Fetching design files from 'sim_1'...
INFO: [USF-XSim-2] XSim::Compile design
INFO: [USF-XSim-61] Executing 'COMPILE' step in 'C:/Users/zhuduoyu/SingleCPU/SingleCPU.sim/sim_1/behav'
"xvlog -m64 --relax -prj sim_cpu_vlog.prj"
INFO: [VRFC 10-2263] Analyzing Verilog file "C:/Users/zhuduoyu/SingleCPU/SingleCPU.srcs/sources_1/new/RW.v" into library xil_defaultlib
INFO: [VRFC 10-311] analyzing module RW
INFO: [VRFC 10-2263] Analyzing Verilog file "C:/Users/zhuduoyu/SingleCPU/SingleCPU.srcs/sources_1/new/extend.v" into library xil_defaultlib
INFO: [VRFC 10-311] analyzing module extend
INFO: [VRFC 10-2263] Analyzing Verilog file "C:/Users/zhuduoyu/SingleCPU/SingleCPU.srcs/sources_1/new/AddPC1.v" into library xil_defaultlib
INFO: [VRFC 10-311] analyzing module AddPC1
INFO: [VRFC 10-2263] Analyzing Verilog file "C:/Users/zhuduoyu/SingleCPU/SingleCPU.srcs/sources_1/new/AddPC2.v" into library xil_defaultlib
INFO: [VRFC 10-311] analyzing module AddPC2
INFO: [VRFC 10-2263] Analyzing Verilog file "C:/Users/zhuduoyu/SingleCPU/SingleCPU.srcs/sources_1/new/RAM.v" into library xil_defaultlib
INFO: [VRFC 10-311] analyzing module RAM
INFO: [VRFC 10-2263] Analyzing Verilog file "C:/Users/zhuduoyu/SingleCPU/SingleCPU.srcs/sources_1/new/JumpPC.v" into library xil_defaultlib
INFO: [VRFC 10-311] analyzing module JumpPC
INFO: [VRFC 10-2263] Analyzing Verilog file "C:/Users/zhuduoyu/SingleCPU/SingleCPU.srcs/sources_1/new/DBoutput.v" into library xil_defaultlib
INFO: [VRFC 10-311] analyzing module DBoutput
INFO: [VRFC 10-2263] Analyzing Verilog file "C:/Users/zhuduoyu/SingleCPU/SingleCPU.srcs/sources_1/new/NextPC.v" into library xil_defaultlib
INFO: [VRFC 10-311] analyzing module NextPC
INFO: [VRFC 10-2263] Analyzing Verilog file "C:/Users/zhuduoyu/SingleCPU/SingleCPU.srcs/sources_1/new/ALU32.v" into library xil_defaultlib
INFO: [VRFC 10-311] analyzing module ALU32
INFO: [VRFC 10-2263] Analyzing Verilog file "C:/Users/zhuduoyu/SingleCPU/SingleCPU.srcs/sources_1/new/ChooseInputB.v" into library xil_defaultlib
INFO: [VRFC 10-311] analyzing module ChooseInputB
INFO: [VRFC 10-2263] Analyzing Verilog file "C:/Users/zhuduoyu/SingleCPU/SingleCPU.srcs/sources_1/new/ControlUnit.v" into library xil_defaultlib
INFO: [VRFC 10-311] analyzing module ControlUnit
INFO: [VRFC 10-2263] Analyzing Verilog file "C:/Users/zhuduoyu/SingleCPU/SingleCPU.srcs/sources_1/new/ChooseReg.v" into library xil_defaultlib
INFO: [VRFC 10-311] analyzing module ChooseReg
INFO: [VRFC 10-2263] Analyzing Verilog file "C:/Users/zhuduoyu/SingleCPU/SingleCPU.srcs/sources_1/new/PC.v" into library xil_defaultlib
INFO: [VRFC 10-311] analyzing module PC
INFO: [VRFC 10-2263] Analyzing Verilog file "C:/Users/zhuduoyu/SingleCPU/SingleCPU.srcs/sources_1/new/RegFile.v" into library xil_defaultlib
INFO: [VRFC 10-311] analyzing module RegFile
INFO: [VRFC 10-2263] Analyzing Verilog file "C:/Users/zhuduoyu/SingleCPU/SingleCPU.srcs/sources_1/new/transTocut.v" into library xil_defaultlib
INFO: [VRFC 10-311] analyzing module transTocut
INFO: [VRFC 10-2263] Analyzing Verilog file "C:/Users/zhuduoyu/SingleCPU/SingleCPU.srcs/sources_1/new/ChooseInputA.v" into library xil_defaultlib
INFO: [VRFC 10-311] analyzing module ChooseInputA
INFO: [VRFC 10-2263] Analyzing Verilog file "C:/Users/zhuduoyu/SingleCPU/SingleCPU.srcs/sources_1/new/SingleCPU.v" into library xil_defaultlib
INFO: [VRFC 10-311] analyzing module SingleCPU
INFO: [VRFC 10-2263] Analyzing Verilog file "C:/Users/zhuduoyu/SingleCPU/SingleCPU.srcs/sources_1/new/sim_cpu.v" into library xil_defaultlib
INFO: [VRFC 10-311] analyzing module sim_cpu
INFO: [VRFC 10-2263] Analyzing Verilog file "C:/Users/zhuduoyu/SingleCPU/SingleCPU.sim/sim_1/behav/glbl.v" into library xil_defaultlib
INFO: [VRFC 10-311] analyzing module glbl
INFO: [USF-XSim-3] XSim::Elaborate design
INFO: [USF-XSim-61] Executing 'ELABORATE' step in 'C:/Users/zhuduoyu/SingleCPU/SingleCPU.sim/sim_1/behav'
Vivado Simulator 2015.3
Copyright 1986-1999, 2001-2015 Xilinx, Inc. All Rights Reserved.
Running: C:/Xilinx/Vivado/2015.3/bin/unwrapped/win64.o/xelab.exe -wto 7befa10bde6c44fba6b1c8240e34c40a --debug typical --relax --mt 2 -L xil_defaultlib -L unisims_ver -L unimacro_ver -L secureip --snapshot sim_cpu_behav xil_defaultlib.sim_cpu xil_defaultlib.glbl -log elaborate.log 
Using 2 slave threads.
Starting static elaboration
WARNING: [VRFC 10-597] element index 7 into rs is out of bounds [C:/Users/zhuduoyu/SingleCPU/SingleCPU.srcs/sources_1/new/transTocut.v:11]
WARNING: [VRFC 10-597] element index 7 into rt is out of bounds [C:/Users/zhuduoyu/SingleCPU/SingleCPU.srcs/sources_1/new/transTocut.v:14]
Completed static elaboration
Starting simulation data flow analysis
Completed simulation data flow analysis
Time Resolution for simulation is 1ps
Compiling module xil_defaultlib.AddPC2
Compiling module xil_defaultlib.ALU32
Compiling module xil_defaultlib.ControlUnit
Compiling module xil_defaultlib.extend
Compiling module xil_defaultlib.JumpPC
Compiling module xil_defaultlib.ChooseInputA
Compiling module xil_defaultlib.ChooseInputB
Compiling module xil_defaultlib.NextPC
Compiling module xil_defaultlib.AddPC1
Compiling module xil_defaultlib.PC
Compiling module xil_defaultlib.RAM
Compiling module xil_defaultlib.ChooseReg
Compiling module xil_defaultlib.RegFile
Compiling module xil_defaultlib.DBoutput
Compiling module xil_defaultlib.RW
Compiling module xil_defaultlib.transTocut
Compiling module xil_defaultlib.SingleCPU
Compiling module xil_defaultlib.sim_cpu
Compiling module xil_defaultlib.glbl
Built simulation snapshot sim_cpu_behav

****** Webtalk v2015.3 (64-bit)
  **** SW Build 1368829 on Mon Sep 28 20:06:43 MDT 2015
  **** IP Build 1367837 on Mon Sep 28 08:56:14 MDT 2015
    ** Copyright 1986-2015 Xilinx, Inc. All Rights Reserved.

source C:/Users/zhuduoyu/SingleCPU/SingleCPU.sim/sim_1/behav/xsim.dir/sim_cpu_behav/webtalk/xsim_webtalk.tcl -notrace
webtalk_transmit: Time (s): cpu = 00:00:00 ; elapsed = 00:00:07 . Memory (MB): peak = 49.586 ; gain = 0.000
INFO: [Common 17-206] Exiting Webtalk at Tue May 29 10:12:33 2018...
run_program: Time (s): cpu = 00:00:00 ; elapsed = 00:00:11 . Memory (MB): peak = 722.434 ; gain = 0.000
INFO: [USF-XSim-4] XSim::Simulate design
INFO: [USF-XSim-61] Executing 'SIMULATE' step in 'C:/Users/zhuduoyu/SingleCPU/SingleCPU.sim/sim_1/behav'
INFO: [USF-XSim-98] *** Running xsim
   with args "sim_cpu_behav -key {Behavioral:sim_1:Functional:sim_cpu} -tclbatch {sim_cpu.tcl} -log {simulate.log}"
INFO: [USF-XSim-8] Loading simulator feature
Vivado Simulator 2015.3
Time resolution is 1 ps
source sim_cpu.tcl
# set curr_wave [current_wave_config]
# if { [string length $curr_wave] == 0 } {
#   if { [llength [get_objects]] > 0} {
#     add_wave /
#     set_property needs_save false [current_wave_config]
#   } else {
#      send_msg_id Add_Wave-1 WARNING "No top level signals found. Simulator will start without a wave window. If you want to open a wave window go to 'File->New Waveform Configuration' or type 'create_wave_config' in the TCL console."
#   }
# }
# run 1000ns
INFO: [USF-XSim-96] XSim completed. Design snapshot 'sim_cpu_behav' loaded.
INFO: [USF-XSim-97] XSim simulation ran for 1000ns
launch_simulation: Time (s): cpu = 00:00:02 ; elapsed = 00:00:14 . Memory (MB): peak = 722.434 ; gain = 0.000
